2025-03-09 23:15:51,274 [INFO] Activator:176 - 


2025-03-09 23:15:51,278 [INFO] Activator:177 - !SESSION log4j initialized
2025-03-09 23:15:53,943 [INFO] LogOutputStream:77 - [STDOUT_REDIRECT] 
2025-03-09 23:15:55,868 [INFO] ApplicationProperties:184 - Using Application install path: C:\ST\STM32CubeIDE_1.17.0\STM32CubeIDE\plugins\com.st.stm32cube.common.mx_6.13.0.202411220809
2025-03-09 23:15:55,882 [INFO] DbMcusXml:78 - Set database path to: C:\ST\STM32CubeIDE_1.17.0\STM32CubeIDE\plugins\com.st.stm32cube.common.mx_6.13.0.202411220809\\db\/mcu/
2025-03-09 23:15:55,883 [INFO] ApiDb:274 - Set plugin database path to: C:\ST\STM32CubeIDE_1.17.0\STM32CubeIDE\plugins\com.st.stm32cube.common.mx_6.13.0.202411220809\\db\/plugins/boardmanager/
2025-03-09 23:15:55,883 [WARN] ApiDb:259 - Overriding images path with different value:  => C:\ST\STM32CubeIDE_1.17.0\STM32CubeIDE\plugins\com.st.stm32cube.common.mx_6.13.0.202411220809\\db\/plugins/mcufinder/images/
2025-03-09 23:15:55,890 [INFO] ApiDb:250 - Set database path to: C:\Users\bu\.stmcufinder\plugins\mcufinder//mcu/
2025-03-09 23:15:55,891 [INFO] DbMcusAds:125 - Set database path to: C:\Users\bu\.stmcufinder\plugins\mcufinder//mcu/
2025-03-09 23:15:55,893 [INFO] CrossReferenceDbSqlite:203 - Set database path to: C:\Users\bu\.stmcufinder\plugins\mcufinder//mcu/cs/
2025-03-09 23:15:56,002 [INFO] RulesReader:64 - Compatibility file has been processed (297 Rules)
2025-03-09 23:15:56,119 [INFO] DbMcusXml:78 - Set database path to: C:\ST\STM32CubeIDE_1.17.0\STM32CubeIDE\plugins\com.st.stm32cube.common.mx_6.13.0.202411220809\\db\/mcu/
2025-03-09 23:15:56,119 [INFO] ApiDb:274 - Set plugin database path to: C:\ST\STM32CubeIDE_1.17.0\STM32CubeIDE\plugins\com.st.stm32cube.common.mx_6.13.0.202411220809\\db\/plugins/boardmanager/
2025-03-09 23:15:56,119 [INFO] ApiDb:261 - Set plugin images path to: C:\ST\STM32CubeIDE_1.17.0\STM32CubeIDE\plugins\com.st.stm32cube.common.mx_6.13.0.202411220809\\db\/plugins/mcufinder/images/
2025-03-09 23:15:56,119 [WARN] DbFile:41 - Overriding database path with different value: C:\Users\bu\.stmcufinder\plugins\mcufinder/ => C:\Users\bu\.stmcufinder\plugins\mcufinder
2025-03-09 23:15:56,120 [INFO] ApiDb:250 - Set database path to: C:\Users\bu\.stmcufinder\plugins\mcufinder//mcu/
2025-03-09 23:15:56,120 [WARN] DbFile:41 - Overriding database path with different value: C:\Users\bu\.stmcufinder\plugins\mcufinder/ => C:\Users\bu\.stmcufinder\plugins\mcufinder
2025-03-09 23:15:56,120 [INFO] DbMcusAds:125 - Set database path to: C:\Users\bu\.stmcufinder\plugins\mcufinder//mcu/
2025-03-09 23:15:56,120 [WARN] DbFile:41 - Overriding database path with different value: C:\Users\bu\.stmcufinder\plugins\mcufinder/ => C:\Users\bu\.stmcufinder\plugins\mcufinder
2025-03-09 23:15:56,120 [WARN] DbFile:41 - Overriding database path with different value: C:\Users\bu\.stmcufinder\plugins\mcufinder/ => C:\Users\bu\.stmcufinder\plugins\mcufinder
2025-03-09 23:15:56,120 [INFO] CrossReferenceDbSqlite:203 - Set database path to: C:\Users\bu\.stmcufinder\plugins\mcufinder//mcu/cs/
2025-03-09 23:15:56,196 [INFO] MainPanel:272 - HeapMemory: 268435456
2025-03-09 23:15:56,264 [INFO] DbMcusXml:78 - Set database path to: C:\ST\STM32CubeIDE_1.17.0\STM32CubeIDE\plugins\com.st.stm32cube.common.mx_6.13.0.202411220809\\db\/mcu/
2025-03-09 23:15:56,264 [INFO] ApiDb:274 - Set plugin database path to: C:\ST\STM32CubeIDE_1.17.0\STM32CubeIDE\plugins\com.st.stm32cube.common.mx_6.13.0.202411220809\\db\/plugins/boardmanager/
2025-03-09 23:15:56,264 [INFO] ApiDb:261 - Set plugin images path to: C:\ST\STM32CubeIDE_1.17.0\STM32CubeIDE\plugins\com.st.stm32cube.common.mx_6.13.0.202411220809\\db\/plugins/mcufinder/images/
2025-03-09 23:15:56,264 [WARN] DbFile:41 - Overriding database path with different value: C:\Users\bu\.stmcufinder\plugins\mcufinder/ => C:\Users\bu\.stmcufinder\plugins\mcufinder
2025-03-09 23:15:56,264 [INFO] ApiDb:250 - Set database path to: C:\Users\bu\.stmcufinder\plugins\mcufinder//mcu/
2025-03-09 23:15:56,264 [WARN] DbFile:41 - Overriding database path with different value: C:\Users\bu\.stmcufinder\plugins\mcufinder/ => C:\Users\bu\.stmcufinder\plugins\mcufinder
2025-03-09 23:15:56,265 [INFO] DbMcusAds:125 - Set database path to: C:\Users\bu\.stmcufinder\plugins\mcufinder//mcu/
2025-03-09 23:15:56,265 [WARN] DbFile:41 - Overriding database path with different value: C:\Users\bu\.stmcufinder\plugins\mcufinder/ => C:\Users\bu\.stmcufinder\plugins\mcufinder
2025-03-09 23:15:56,265 [WARN] DbFile:41 - Overriding database path with different value: C:\Users\bu\.stmcufinder\plugins\mcufinder/ => C:\Users\bu\.stmcufinder\plugins\mcufinder
2025-03-09 23:15:56,265 [INFO] CrossReferenceDbSqlite:203 - Set database path to: C:\Users\bu\.stmcufinder\plugins\mcufinder//mcu/cs/
2025-03-09 23:15:56,293 [INFO] ApplicationProperties:184 - Using Application install path: C:\ST\STM32CubeIDE_1.17.0\STM32CubeIDE\plugins\com.st.stm32cube.common.mx_6.13.0.202411220809
2025-03-09 23:15:56,297 [INFO] PluginManage:196 - Search for loadable plugins [exclusion list=, ]
2025-03-09 23:15:56,300 [INFO] PluginManage:310 - Check plugin analytics
2025-03-09 23:15:56,530 [INFO] AnalyticsPlugin:253 - Accepted Software Licenses: 
2025-03-09 23:15:56,530 [INFO] AnalyticsPlugin:255 - Accepted CMSIS Pack Licenses: 
2025-03-09 23:15:56,530 [INFO] AnalyticsPlugin:257 - Accepted Firmware Licenses: 
2025-03-09 23:15:56,534 [INFO] PluginManage:359 - Loaded plugin analytics (category:tool,tabindex:-1)
2025-03-09 23:15:56,534 [INFO] PluginManage:310 - Check plugin cadmodel
2025-03-09 23:15:56,539 [INFO] CADModel:105 - Init CAD model plugin
2025-03-09 23:15:56,540 [INFO] PluginManage:359 - Loaded plugin cadmodel (category:power,tabindex:5)
2025-03-09 23:15:56,540 [INFO] PluginManage:310 - Check plugin clock
2025-03-09 23:15:56,547 [INFO] PluginManage:359 - Loaded plugin clock (category:base,tabindex:2)
2025-03-09 23:15:56,547 [INFO] PluginManage:310 - Check plugin ddr
2025-03-09 23:15:56,549 [INFO] PluginManage:359 - Loaded plugin ddr (category:tool,tabindex:6)
2025-03-09 23:15:56,550 [INFO] PluginManage:310 - Check plugin filemanager
2025-03-09 23:15:56,677 [INFO] PluginManage:359 - Loaded plugin filemanager (category:base,tabindex:10)
2025-03-09 23:15:56,677 [INFO] PluginManage:310 - Check plugin ipmanager
2025-03-09 23:15:56,685 [INFO] PluginManage:359 - Loaded plugin ipmanager (category:base,tabindex:5)
2025-03-09 23:15:56,685 [INFO] PluginManage:310 - Check plugin lpbam
2025-03-09 23:15:56,692 [INFO] PluginManage:359 - Loaded plugin lpbam (category:base,tabindex:0)
2025-03-09 23:15:56,692 [INFO] PluginManage:310 - Check plugin memorymap
2025-03-09 23:15:56,701 [INFO] PluginManage:359 - Loaded plugin memorymap (category:base,tabindex:4)
2025-03-09 23:15:56,701 [INFO] PluginManage:310 - Check plugin pinoutandconfiguration
2025-03-09 23:15:56,708 [INFO] PluginManage:359 - Loaded plugin pinoutandconfiguration (category:base,tabindex:1)
2025-03-09 23:15:56,708 [INFO] PluginManage:310 - Check plugin pinoutconfig
2025-03-09 23:15:56,795 [WARN] SupportedApi:132 - Cannot load RTOS API schema: s4s-elt-must-match.1: The content of 'definitions' must match (annotation?, (simpleType | complexType)?, (unique | key | keyref)*)). A problem was found starting at: attribute.
2025-03-09 23:15:56,926 [INFO] PluginManage:359 - Loaded plugin pinoutconfig (category:base,tabindex:0)
2025-03-09 23:15:56,926 [INFO] PluginManage:310 - Check plugin power
2025-03-09 23:15:56,935 [INFO] PluginManage:359 - Loaded plugin power (category:power,tabindex:4)
2025-03-09 23:15:56,935 [INFO] PluginManage:310 - Check plugin projectmanager
2025-03-09 23:15:56,953 [INFO] PluginManage:359 - Loaded plugin projectmanager (category:projectmanager,tabindex:4)
2025-03-09 23:15:56,953 [INFO] PluginManage:310 - Check plugin rif
2025-03-09 23:15:56,959 [INFO] PluginManage:359 - Loaded plugin rif (category:base,tabindex:3)
2025-03-09 23:15:56,959 [INFO] PluginManage:310 - Check plugin thirdparty
2025-03-09 23:15:57,095 [INFO] PluginManage:359 - Loaded plugin thirdparty (category:base,tabindex:-1)
2025-03-09 23:15:57,096 [INFO] PluginManage:310 - Check plugin tools
2025-03-09 23:15:57,095 [WARN] IntegrityCheckThread:84 - waiting for thirdparty lock release [integrity check]
2025-03-09 23:15:57,096 [INFO] IntegrityCheckThread:86 - entering critical section [integrity check]
2025-03-09 23:15:57,096 [INFO] ThirdPartyUpdaterWithRetryManager:70 - Updater plugin not ready yet. [1/15]
2025-03-09 23:15:57,099 [INFO] PluginManage:359 - Loaded plugin tools (category:base,tabindex:7)
2025-03-09 23:15:57,099 [INFO] PluginManage:310 - Check plugin tutovideos
2025-03-09 23:15:57,257 [INFO] PluginManage:359 - Loaded plugin tutovideos (category:base,tabindex:-1)
2025-03-09 23:15:57,257 [INFO] PluginManage:310 - Check plugin updater
2025-03-09 23:15:57,279 [INFO] PluginManage:359 - Loaded plugin updater (category:base,tabindex:12)
2025-03-09 23:15:57,280 [INFO] PluginManage:310 - Check plugin userauth
2025-03-09 23:15:57,284 [INFO] UserAuth:118 - Init User Auth plugin
2025-03-09 23:15:57,285 [INFO] PluginManage:359 - Loaded plugin userauth (category:base,tabindex:14)
2025-03-09 23:15:57,286 [INFO] PluginManage:283 - PluginManage : Loaded plugins [18]
2025-03-09 23:15:57,484 [INFO] PinOutPanel:1589 - setPackage(No Configuration,No Configuration)
2025-03-09 23:15:57,578 [INFO] CADModel:165 - CPN selected for project level
2025-03-09 23:15:57,578 [INFO] CADModel:114 - Register for checkConnection events
2025-03-09 23:15:57,600 [INFO] IPUIPlugin:80 - create IPUIPlugin
2025-03-09 23:15:57,600 [INFO] PluginManager:220 - loadIPPluginJar : add adc
2025-03-09 23:15:57,603 [INFO] IPUIPlugin:80 - create IPUIPlugin
2025-03-09 23:15:57,603 [INFO] PluginManager:220 - loadIPPluginJar : add aes
2025-03-09 23:15:57,606 [INFO] IPUIPlugin:80 - create IPUIPlugin
2025-03-09 23:15:57,606 [INFO] PluginManager:220 - loadIPPluginJar : add can
2025-03-09 23:15:57,608 [INFO] IPUIPlugin:80 - create IPUIPlugin
2025-03-09 23:15:57,608 [INFO] PluginManager:220 - loadIPPluginJar : add comp
2025-03-09 23:15:57,611 [INFO] IPUIPlugin:80 - create IPUIPlugin
2025-03-09 23:15:57,611 [INFO] PluginManager:220 - loadIPPluginJar : add cryp
2025-03-09 23:15:57,614 [INFO] IPUIPlugin:80 - create IPUIPlugin
2025-03-09 23:15:57,614 [INFO] PluginManager:220 - loadIPPluginJar : add ddr_ctrl_phy
2025-03-09 23:15:57,617 [INFO] IPUIPlugin:80 - create IPUIPlugin
2025-03-09 23:15:57,617 [INFO] PluginManager:220 - loadIPPluginJar : add dfsdm
2025-03-09 23:15:57,622 [INFO] IPUIPlugin:80 - create IPUIPlugin
2025-03-09 23:15:57,623 [INFO] PluginManager:220 - loadIPPluginJar : add dma
2025-03-09 23:15:57,626 [INFO] IPUIPlugin:80 - create IPUIPlugin
2025-03-09 23:15:57,626 [INFO] PluginManager:220 - loadIPPluginJar : add dma3
2025-03-09 23:15:57,629 [INFO] IPUIPlugin:80 - create IPUIPlugin
2025-03-09 23:15:57,629 [INFO] PluginManager:220 - loadIPPluginJar : add extmemmanager
2025-03-09 23:15:57,632 [INFO] IPUIPlugin:80 - create IPUIPlugin
2025-03-09 23:15:57,632 [INFO] PluginManager:220 - loadIPPluginJar : add fatfs
2025-03-09 23:15:57,637 [INFO] IPUIPlugin:80 - create IPUIPlugin
2025-03-09 23:15:57,637 [INFO] PluginManager:220 - loadIPPluginJar : add fmc
2025-03-09 23:15:57,643 [INFO] IPUIPlugin:80 - create IPUIPlugin
2025-03-09 23:15:57,643 [INFO] PluginManager:220 - loadIPPluginJar : add freertos
2025-03-09 23:15:57,645 [INFO] IPUIPlugin:80 - create IPUIPlugin
2025-03-09 23:15:57,645 [INFO] PluginManager:220 - loadIPPluginJar : add genericplugin
2025-03-09 23:15:57,647 [INFO] IPUIPlugin:80 - create IPUIPlugin
2025-03-09 23:15:57,647 [INFO] PluginManager:220 - loadIPPluginJar : add gfxmmu
2025-03-09 23:15:57,652 [INFO] IPUIPlugin:80 - create IPUIPlugin
2025-03-09 23:15:57,652 [INFO] PluginManager:220 - loadIPPluginJar : add gic
2025-03-09 23:15:57,655 [INFO] IPUIPlugin:80 - create IPUIPlugin
2025-03-09 23:15:57,655 [INFO] PluginManager:220 - loadIPPluginJar : add gpio
2025-03-09 23:15:57,658 [INFO] IPUIPlugin:80 - create IPUIPlugin
2025-03-09 23:15:57,658 [INFO] PluginManager:220 - loadIPPluginJar : add gtzc
2025-03-09 23:15:57,660 [INFO] IPUIPlugin:80 - create IPUIPlugin
2025-03-09 23:15:57,660 [INFO] PluginManager:220 - loadIPPluginJar : add hash
2025-03-09 23:15:57,663 [INFO] IPUIPlugin:80 - create IPUIPlugin
2025-03-09 23:15:57,663 [INFO] PluginManager:220 - loadIPPluginJar : add i2c
2025-03-09 23:15:57,665 [INFO] IPUIPlugin:80 - create IPUIPlugin
2025-03-09 23:15:57,666 [INFO] PluginManager:220 - loadIPPluginJar : add i2s
2025-03-09 23:15:57,668 [INFO] IPUIPlugin:80 - create IPUIPlugin
2025-03-09 23:15:57,668 [INFO] PluginManager:220 - loadIPPluginJar : add i3c
2025-03-09 23:15:57,674 [INFO] IPUIPlugin:80 - create IPUIPlugin
2025-03-09 23:15:57,674 [INFO] PluginManager:220 - loadIPPluginJar : add ipddr
2025-03-09 23:15:57,679 [INFO] IPUIPlugin:80 - create IPUIPlugin
2025-03-09 23:15:57,680 [INFO] PluginManager:220 - loadIPPluginJar : add linkedlist
2025-03-09 23:15:57,683 [INFO] IPUIPlugin:80 - create IPUIPlugin
2025-03-09 23:15:57,683 [INFO] PluginManager:220 - loadIPPluginJar : add lorawan
2025-03-09 23:15:57,685 [INFO] IPUIPlugin:80 - create IPUIPlugin
2025-03-09 23:15:57,685 [INFO] PluginManager:220 - loadIPPluginJar : add ltdc
2025-03-09 23:15:57,691 [INFO] IPUIPlugin:80 - create IPUIPlugin
2025-03-09 23:15:57,691 [INFO] PluginManager:220 - loadIPPluginJar : add mdma
2025-03-09 23:15:57,695 [INFO] IPUIPlugin:80 - create IPUIPlugin
2025-03-09 23:15:57,695 [INFO] PluginManager:220 - loadIPPluginJar : add nvic
2025-03-09 23:15:57,698 [INFO] IPUIPlugin:80 - create IPUIPlugin
2025-03-09 23:15:57,698 [INFO] PluginManager:220 - loadIPPluginJar : add opamp
2025-03-09 23:15:57,701 [INFO] IPUIPlugin:80 - create IPUIPlugin
2025-03-09 23:15:57,701 [INFO] PluginManager:220 - loadIPPluginJar : add openamp
2025-03-09 23:15:57,705 [INFO] IPUIPlugin:80 - create IPUIPlugin
2025-03-09 23:15:57,705 [INFO] PluginManager:220 - loadIPPluginJar : add pdm2pcm
2025-03-09 23:15:57,712 [INFO] IPUIPlugin:80 - create IPUIPlugin
2025-03-09 23:15:57,714 [INFO] PluginManager:220 - loadIPPluginJar : add plateformsettings
2025-03-09 23:15:57,716 [INFO] IPUIPlugin:80 - create IPUIPlugin
2025-03-09 23:15:57,717 [INFO] PluginManager:220 - loadIPPluginJar : add quadspi
2025-03-09 23:15:57,719 [INFO] IPUIPlugin:80 - create IPUIPlugin
2025-03-09 23:15:57,720 [INFO] PluginManager:220 - loadIPPluginJar : add radio
2025-03-09 23:15:57,723 [INFO] IPUIPlugin:80 - create IPUIPlugin
2025-03-09 23:15:57,723 [INFO] PluginManager:220 - loadIPPluginJar : add resmgrutility
2025-03-09 23:15:57,727 [INFO] IPUIPlugin:80 - create IPUIPlugin
2025-03-09 23:15:57,727 [INFO] PluginManager:220 - loadIPPluginJar : add sai
2025-03-09 23:15:57,730 [INFO] IPUIPlugin:80 - create IPUIPlugin
2025-03-09 23:15:57,730 [INFO] PluginManager:220 - loadIPPluginJar : add spi
2025-03-09 23:15:57,736 [INFO] IPUIPlugin:80 - create IPUIPlugin
2025-03-09 23:15:57,736 [INFO] PluginManager:220 - loadIPPluginJar : add stm32_wpan
2025-03-09 23:15:57,739 [INFO] IPUIPlugin:80 - create IPUIPlugin
2025-03-09 23:15:57,739 [INFO] PluginManager:220 - loadIPPluginJar : add tim
2025-03-09 23:15:57,742 [INFO] IPUIPlugin:80 - create IPUIPlugin
2025-03-09 23:15:57,742 [INFO] PluginManager:220 - loadIPPluginJar : add touchsensing
2025-03-09 23:15:57,744 [INFO] IPUIPlugin:80 - create IPUIPlugin
2025-03-09 23:15:57,745 [INFO] PluginManager:220 - loadIPPluginJar : add tracer_emb
2025-03-09 23:15:57,747 [INFO] IPUIPlugin:80 - create IPUIPlugin
2025-03-09 23:15:57,747 [INFO] PluginManager:220 - loadIPPluginJar : add ts
2025-03-09 23:15:57,749 [INFO] IPUIPlugin:80 - create IPUIPlugin
2025-03-09 23:15:57,749 [INFO] PluginManager:220 - loadIPPluginJar : add tsc
2025-03-09 23:15:57,752 [INFO] IPUIPlugin:80 - create IPUIPlugin
2025-03-09 23:15:57,752 [INFO] PluginManager:220 - loadIPPluginJar : add ucpd
2025-03-09 23:15:57,755 [INFO] IPUIPlugin:80 - create IPUIPlugin
2025-03-09 23:15:57,755 [INFO] PluginManager:220 - loadIPPluginJar : add usart
2025-03-09 23:15:57,758 [INFO] IPUIPlugin:80 - create IPUIPlugin
2025-03-09 23:15:57,759 [INFO] PluginManager:220 - loadIPPluginJar : add usbx
2025-03-09 23:15:57,894 [FATAL] Updater:351 - Updater called before beeing initialized
2025-03-09 23:15:57,923 [INFO] RulesReader:64 - Compatibility file has been processed (297 Rules)
2025-03-09 23:15:57,934 [INFO] RulesReader:64 - Compatibility file has been processed (297 Rules)
2025-03-09 23:15:57,939 [INFO] CADModel:165 - CPN selected for project level
2025-03-09 23:15:57,939 [INFO] CADModel:114 - Register for checkConnection events
2025-03-09 23:15:57,939 [FATAL] Updater:351 - Updater called before beeing initialized
2025-03-09 23:15:57,940 [ERROR] CADModel:125 - Updater not yet initialized, retry later 
2025-03-09 23:15:58,098 [FATAL] Updater:351 - Updater called before beeing initialized
2025-03-09 23:15:58,100 [INFO] CADModel:165 - CPN selected for project level
2025-03-09 23:15:58,101 [INFO] CADModel:114 - Register for checkConnection events
2025-03-09 23:15:58,101 [FATAL] Updater:351 - Updater called before beeing initialized
2025-03-09 23:15:58,101 [ERROR] CADModel:125 - Updater not yet initialized, retry later 
2025-03-09 23:15:58,104 [FATAL] Updater:351 - Updater called before beeing initialized
2025-03-09 23:15:58,229 [FATAL] Updater:351 - Updater called before beeing initialized
2025-03-09 23:15:58,232 [INFO] DbMcusAds:53 - JSON generation date=Tue Dec 17 19:01:15 EAT 2024 (1734451275143)
2025-03-09 23:15:58,233 [FATAL] Updater:351 - Updater called before beeing initialized
2025-03-09 23:15:58,267 [WARN] DetailPanel:346 - Failed to get advertising image, set to default
2025-03-09 23:15:58,504 [FATAL] Updater:351 - Updater called before beeing initialized
2025-03-09 23:15:58,506 [FATAL] Updater:351 - Updater called before beeing initialized
2025-03-09 23:15:58,506 [FATAL] Updater:351 - Updater called before beeing initialized
2025-03-09 23:15:58,506 [WARN] DetailPanel:346 - Failed to get advertising image, set to default
2025-03-09 23:15:58,507 [FATAL] Updater:351 - Updater called before beeing initialized
2025-03-09 23:15:58,561 [ERROR] Updater:1198 - MainUpdater not yet initialized. External WinMGr cannot be set.
2025-03-09 23:15:58,563 [INFO] Updater:1134 - Updater Version found : 6.13.0
2025-03-09 23:15:58,578 [INFO] ApplicationProperties:184 - Using Application install path: C:\ST\STM32CubeIDE_1.17.0\STM32CubeIDE\plugins\com.st.stm32cube.common.mx_6.13.0.202411220809
2025-03-09 23:16:00,096 [INFO] ThirdPartyUpdaterWithRetryManager:70 - Updater plugin not ready yet. [2/15]
2025-03-09 23:16:00,151 [ERROR] LogOutputStream:75 - [STDERR_REDIRECT] Mar 09, 2025 11:16:00 PM java.util.prefs.WindowsPreferences <init>
2025-03-09 23:16:00,154 [ERROR] LogOutputStream:75 - [STDERR_REDIRECT] WARNING: Could not open/create prefs root node Software\JavaSoft\Prefs at root 0xffffffff80000002. Windows RegCreateKeyEx(...) returned error code 5.
2025-03-09 23:16:00,155 [ERROR] LogOutputStream:75 - [STDERR_REDIRECT] 
2025-03-09 23:16:00,280 [ERROR] ExternalUserPreferencesManager:606 - Error while get path from external application: Cannot invoke "com.st.stm32cube.common.mx.MxActivator.getBundle()" because the return value of "com.st.stm32cube.common.mx.MxActivator.getDefault()" is null
2025-03-09 23:16:00,280 [ERROR] ExternalUserPreferencesManager:336 - Error while get preference info from external application: Cannot invoke "com.st.stm32cube.common.mx.MxActivator.getBundle()" because the return value of "com.st.stm32cube.common.mx.MxActivator.getDefault()" is null
2025-03-09 23:16:00,280 [ERROR] ExternalUserPreferencesManager:560 - Error while get preference info from external application: Cannot invoke "com.st.stm32cube.common.mx.MxActivator.getBundle()" because the return value of "com.st.stm32cube.common.mx.MxActivator.getDefault()" is null
2025-03-09 23:16:00,598 [ERROR] LogOutputStream:75 - [STDERR_REDIRECT] 
2025-03-09 23:17:39,631 [INFO] Activator:176 - 


2025-03-09 23:17:39,632 [INFO] Activator:177 - !SESSION log4j initialized
2025-03-09 23:17:42,630 [INFO] LogOutputStream:77 - [STDOUT_REDIRECT] 
2025-03-09 23:17:44,425 [INFO] ApplicationProperties:184 - Using Application install path: C:\ST\STM32CubeIDE_1.17.0\STM32CubeIDE\plugins\com.st.stm32cube.common.mx_6.13.0.202411220809
2025-03-09 23:17:44,438 [INFO] DbMcusXml:78 - Set database path to: C:\ST\STM32CubeIDE_1.17.0\STM32CubeIDE\plugins\com.st.stm32cube.common.mx_6.13.0.202411220809\\db\/mcu/
2025-03-09 23:17:44,438 [INFO] ApiDb:274 - Set plugin database path to: C:\ST\STM32CubeIDE_1.17.0\STM32CubeIDE\plugins\com.st.stm32cube.common.mx_6.13.0.202411220809\\db\/plugins/boardmanager/
2025-03-09 23:17:44,439 [WARN] ApiDb:259 - Overriding images path with different value:  => C:\ST\STM32CubeIDE_1.17.0\STM32CubeIDE\plugins\com.st.stm32cube.common.mx_6.13.0.202411220809\\db\/plugins/mcufinder/images/
2025-03-09 23:17:44,443 [INFO] ApiDb:250 - Set database path to: C:\Users\bu\.stmcufinder\plugins\mcufinder//mcu/
2025-03-09 23:17:44,444 [INFO] DbMcusAds:125 - Set database path to: C:\Users\bu\.stmcufinder\plugins\mcufinder//mcu/
2025-03-09 23:17:44,446 [INFO] CrossReferenceDbSqlite:203 - Set database path to: C:\Users\bu\.stmcufinder\plugins\mcufinder//mcu/cs/
2025-03-09 23:17:44,542 [INFO] RulesReader:64 - Compatibility file has been processed (297 Rules)
2025-03-09 23:17:44,618 [INFO] DbMcusXml:78 - Set database path to: C:\ST\STM32CubeIDE_1.17.0\STM32CubeIDE\plugins\com.st.stm32cube.common.mx_6.13.0.202411220809\\db\/mcu/
2025-03-09 23:17:44,619 [INFO] ApiDb:274 - Set plugin database path to: C:\ST\STM32CubeIDE_1.17.0\STM32CubeIDE\plugins\com.st.stm32cube.common.mx_6.13.0.202411220809\\db\/plugins/boardmanager/
2025-03-09 23:17:44,619 [INFO] ApiDb:261 - Set plugin images path to: C:\ST\STM32CubeIDE_1.17.0\STM32CubeIDE\plugins\com.st.stm32cube.common.mx_6.13.0.202411220809\\db\/plugins/mcufinder/images/
2025-03-09 23:17:44,619 [WARN] DbFile:41 - Overriding database path with different value: C:\Users\bu\.stmcufinder\plugins\mcufinder/ => C:\Users\bu\.stmcufinder\plugins\mcufinder
2025-03-09 23:17:44,619 [INFO] ApiDb:250 - Set database path to: C:\Users\bu\.stmcufinder\plugins\mcufinder//mcu/
2025-03-09 23:17:44,619 [WARN] DbFile:41 - Overriding database path with different value: C:\Users\bu\.stmcufinder\plugins\mcufinder/ => C:\Users\bu\.stmcufinder\plugins\mcufinder
2025-03-09 23:17:44,619 [INFO] DbMcusAds:125 - Set database path to: C:\Users\bu\.stmcufinder\plugins\mcufinder//mcu/
2025-03-09 23:17:44,619 [WARN] DbFile:41 - Overriding database path with different value: C:\Users\bu\.stmcufinder\plugins\mcufinder/ => C:\Users\bu\.stmcufinder\plugins\mcufinder
2025-03-09 23:17:44,620 [WARN] DbFile:41 - Overriding database path with different value: C:\Users\bu\.stmcufinder\plugins\mcufinder/ => C:\Users\bu\.stmcufinder\plugins\mcufinder
2025-03-09 23:17:44,620 [INFO] CrossReferenceDbSqlite:203 - Set database path to: C:\Users\bu\.stmcufinder\plugins\mcufinder//mcu/cs/
2025-03-09 23:17:44,689 [INFO] MainPanel:272 - HeapMemory: 268435456
2025-03-09 23:17:44,751 [INFO] DbMcusXml:78 - Set database path to: C:\ST\STM32CubeIDE_1.17.0\STM32CubeIDE\plugins\com.st.stm32cube.common.mx_6.13.0.202411220809\\db\/mcu/
2025-03-09 23:17:44,752 [INFO] ApiDb:274 - Set plugin database path to: C:\ST\STM32CubeIDE_1.17.0\STM32CubeIDE\plugins\com.st.stm32cube.common.mx_6.13.0.202411220809\\db\/plugins/boardmanager/
2025-03-09 23:17:44,752 [INFO] ApiDb:261 - Set plugin images path to: C:\ST\STM32CubeIDE_1.17.0\STM32CubeIDE\plugins\com.st.stm32cube.common.mx_6.13.0.202411220809\\db\/plugins/mcufinder/images/
2025-03-09 23:17:44,752 [WARN] DbFile:41 - Overriding database path with different value: C:\Users\bu\.stmcufinder\plugins\mcufinder/ => C:\Users\bu\.stmcufinder\plugins\mcufinder
2025-03-09 23:17:44,752 [INFO] ApiDb:250 - Set database path to: C:\Users\bu\.stmcufinder\plugins\mcufinder//mcu/
2025-03-09 23:17:44,752 [WARN] DbFile:41 - Overriding database path with different value: C:\Users\bu\.stmcufinder\plugins\mcufinder/ => C:\Users\bu\.stmcufinder\plugins\mcufinder
2025-03-09 23:17:44,752 [INFO] DbMcusAds:125 - Set database path to: C:\Users\bu\.stmcufinder\plugins\mcufinder//mcu/
2025-03-09 23:17:44,752 [WARN] DbFile:41 - Overriding database path with different value: C:\Users\bu\.stmcufinder\plugins\mcufinder/ => C:\Users\bu\.stmcufinder\plugins\mcufinder
2025-03-09 23:17:44,753 [WARN] DbFile:41 - Overriding database path with different value: C:\Users\bu\.stmcufinder\plugins\mcufinder/ => C:\Users\bu\.stmcufinder\plugins\mcufinder
2025-03-09 23:17:44,753 [INFO] CrossReferenceDbSqlite:203 - Set database path to: C:\Users\bu\.stmcufinder\plugins\mcufinder//mcu/cs/
2025-03-09 23:17:44,767 [INFO] ApplicationProperties:184 - Using Application install path: C:\ST\STM32CubeIDE_1.17.0\STM32CubeIDE\plugins\com.st.stm32cube.common.mx_6.13.0.202411220809
2025-03-09 23:17:44,768 [INFO] PluginManage:196 - Search for loadable plugins [exclusion list=, ]
2025-03-09 23:17:44,769 [INFO] PluginManage:310 - Check plugin analytics
2025-03-09 23:17:45,006 [INFO] AnalyticsPlugin:253 - Accepted Software Licenses: 
2025-03-09 23:17:45,007 [INFO] AnalyticsPlugin:255 - Accepted CMSIS Pack Licenses: 
2025-03-09 23:17:45,007 [INFO] AnalyticsPlugin:257 - Accepted Firmware Licenses: 
2025-03-09 23:17:45,009 [INFO] PluginManage:359 - Loaded plugin analytics (category:tool,tabindex:-1)
2025-03-09 23:17:45,009 [INFO] PluginManage:310 - Check plugin cadmodel
2025-03-09 23:17:45,013 [INFO] CADModel:105 - Init CAD model plugin
2025-03-09 23:17:45,014 [INFO] PluginManage:359 - Loaded plugin cadmodel (category:power,tabindex:5)
2025-03-09 23:17:45,014 [INFO] PluginManage:310 - Check plugin clock
2025-03-09 23:17:45,023 [INFO] PluginManage:359 - Loaded plugin clock (category:base,tabindex:2)
2025-03-09 23:17:45,023 [INFO] PluginManage:310 - Check plugin ddr
2025-03-09 23:17:45,025 [INFO] PluginManage:359 - Loaded plugin ddr (category:tool,tabindex:6)
2025-03-09 23:17:45,025 [INFO] PluginManage:310 - Check plugin filemanager
2025-03-09 23:17:45,142 [INFO] PluginManage:359 - Loaded plugin filemanager (category:base,tabindex:10)
2025-03-09 23:17:45,142 [INFO] PluginManage:310 - Check plugin ipmanager
2025-03-09 23:17:45,149 [INFO] PluginManage:359 - Loaded plugin ipmanager (category:base,tabindex:5)
2025-03-09 23:17:45,150 [INFO] PluginManage:310 - Check plugin lpbam
2025-03-09 23:17:45,157 [INFO] PluginManage:359 - Loaded plugin lpbam (category:base,tabindex:0)
2025-03-09 23:17:45,157 [INFO] PluginManage:310 - Check plugin memorymap
2025-03-09 23:17:45,170 [INFO] PluginManage:359 - Loaded plugin memorymap (category:base,tabindex:4)
2025-03-09 23:17:45,170 [INFO] PluginManage:310 - Check plugin pinoutandconfiguration
2025-03-09 23:17:45,178 [INFO] PluginManage:359 - Loaded plugin pinoutandconfiguration (category:base,tabindex:1)
2025-03-09 23:17:45,179 [INFO] PluginManage:310 - Check plugin pinoutconfig
2025-03-09 23:17:45,259 [WARN] SupportedApi:132 - Cannot load RTOS API schema: s4s-elt-must-match.1: The content of 'definitions' must match (annotation?, (simpleType | complexType)?, (unique | key | keyref)*)). A problem was found starting at: attribute.
2025-03-09 23:17:45,396 [INFO] PluginManage:359 - Loaded plugin pinoutconfig (category:base,tabindex:0)
2025-03-09 23:17:45,396 [INFO] PluginManage:310 - Check plugin power
2025-03-09 23:17:45,406 [INFO] PluginManage:359 - Loaded plugin power (category:power,tabindex:4)
2025-03-09 23:17:45,406 [INFO] PluginManage:310 - Check plugin projectmanager
2025-03-09 23:17:45,423 [INFO] PluginManage:359 - Loaded plugin projectmanager (category:projectmanager,tabindex:4)
2025-03-09 23:17:45,423 [INFO] PluginManage:310 - Check plugin rif
2025-03-09 23:17:45,434 [INFO] PluginManage:359 - Loaded plugin rif (category:base,tabindex:3)
2025-03-09 23:17:45,435 [INFO] PluginManage:310 - Check plugin thirdparty
2025-03-09 23:17:45,582 [WARN] IntegrityCheckThread:84 - waiting for thirdparty lock release [integrity check]
2025-03-09 23:17:45,583 [INFO] IntegrityCheckThread:86 - entering critical section [integrity check]
2025-03-09 23:17:45,583 [INFO] PluginManage:359 - Loaded plugin thirdparty (category:base,tabindex:-1)
2025-03-09 23:17:45,583 [INFO] ThirdPartyUpdaterWithRetryManager:70 - Updater plugin not ready yet. [1/15]
2025-03-09 23:17:45,583 [INFO] PluginManage:310 - Check plugin tools
2025-03-09 23:17:45,586 [INFO] PluginManage:359 - Loaded plugin tools (category:base,tabindex:7)
2025-03-09 23:17:45,586 [INFO] PluginManage:310 - Check plugin tutovideos
2025-03-09 23:17:45,745 [INFO] PluginManage:359 - Loaded plugin tutovideos (category:base,tabindex:-1)
2025-03-09 23:17:45,745 [INFO] PluginManage:310 - Check plugin updater
2025-03-09 23:17:45,766 [INFO] PluginManage:359 - Loaded plugin updater (category:base,tabindex:12)
2025-03-09 23:17:45,767 [INFO] PluginManage:310 - Check plugin userauth
2025-03-09 23:17:45,771 [INFO] UserAuth:118 - Init User Auth plugin
2025-03-09 23:17:45,772 [INFO] PluginManage:359 - Loaded plugin userauth (category:base,tabindex:14)
2025-03-09 23:17:45,772 [INFO] PluginManage:283 - PluginManage : Loaded plugins [18]
2025-03-09 23:17:45,996 [INFO] PinOutPanel:1589 - setPackage(No Configuration,No Configuration)
2025-03-09 23:17:46,086 [INFO] CADModel:165 - CPN selected for project level
2025-03-09 23:17:46,087 [INFO] CADModel:114 - Register for checkConnection events
2025-03-09 23:17:46,103 [INFO] IPUIPlugin:80 - create IPUIPlugin
2025-03-09 23:17:46,103 [INFO] PluginManager:220 - loadIPPluginJar : add adc
2025-03-09 23:17:46,107 [INFO] IPUIPlugin:80 - create IPUIPlugin
2025-03-09 23:17:46,107 [INFO] PluginManager:220 - loadIPPluginJar : add aes
2025-03-09 23:17:46,110 [INFO] IPUIPlugin:80 - create IPUIPlugin
2025-03-09 23:17:46,110 [INFO] PluginManager:220 - loadIPPluginJar : add can
2025-03-09 23:17:46,112 [INFO] IPUIPlugin:80 - create IPUIPlugin
2025-03-09 23:17:46,112 [INFO] PluginManager:220 - loadIPPluginJar : add comp
2025-03-09 23:17:46,115 [INFO] IPUIPlugin:80 - create IPUIPlugin
2025-03-09 23:17:46,115 [INFO] PluginManager:220 - loadIPPluginJar : add cryp
2025-03-09 23:17:46,118 [INFO] IPUIPlugin:80 - create IPUIPlugin
2025-03-09 23:17:46,118 [INFO] PluginManager:220 - loadIPPluginJar : add ddr_ctrl_phy
2025-03-09 23:17:46,120 [INFO] IPUIPlugin:80 - create IPUIPlugin
2025-03-09 23:17:46,121 [INFO] PluginManager:220 - loadIPPluginJar : add dfsdm
2025-03-09 23:17:46,125 [INFO] IPUIPlugin:80 - create IPUIPlugin
2025-03-09 23:17:46,126 [INFO] PluginManager:220 - loadIPPluginJar : add dma
2025-03-09 23:17:46,128 [INFO] IPUIPlugin:80 - create IPUIPlugin
2025-03-09 23:17:46,128 [INFO] PluginManager:220 - loadIPPluginJar : add dma3
2025-03-09 23:17:46,131 [INFO] IPUIPlugin:80 - create IPUIPlugin
2025-03-09 23:17:46,131 [INFO] PluginManager:220 - loadIPPluginJar : add extmemmanager
2025-03-09 23:17:46,133 [INFO] IPUIPlugin:80 - create IPUIPlugin
2025-03-09 23:17:46,133 [INFO] PluginManager:220 - loadIPPluginJar : add fatfs
2025-03-09 23:17:46,137 [INFO] IPUIPlugin:80 - create IPUIPlugin
2025-03-09 23:17:46,137 [INFO] PluginManager:220 - loadIPPluginJar : add fmc
2025-03-09 23:17:46,146 [INFO] IPUIPlugin:80 - create IPUIPlugin
2025-03-09 23:17:46,147 [INFO] PluginManager:220 - loadIPPluginJar : add freertos
2025-03-09 23:17:46,148 [INFO] IPUIPlugin:80 - create IPUIPlugin
2025-03-09 23:17:46,148 [INFO] PluginManager:220 - loadIPPluginJar : add genericplugin
2025-03-09 23:17:46,151 [INFO] IPUIPlugin:80 - create IPUIPlugin
2025-03-09 23:17:46,151 [INFO] PluginManager:220 - loadIPPluginJar : add gfxmmu
2025-03-09 23:17:46,156 [INFO] IPUIPlugin:80 - create IPUIPlugin
2025-03-09 23:17:46,156 [INFO] PluginManager:220 - loadIPPluginJar : add gic
2025-03-09 23:17:46,160 [INFO] IPUIPlugin:80 - create IPUIPlugin
2025-03-09 23:17:46,160 [INFO] PluginManager:220 - loadIPPluginJar : add gpio
2025-03-09 23:17:46,163 [INFO] IPUIPlugin:80 - create IPUIPlugin
2025-03-09 23:17:46,163 [INFO] PluginManager:220 - loadIPPluginJar : add gtzc
2025-03-09 23:17:46,166 [INFO] IPUIPlugin:80 - create IPUIPlugin
2025-03-09 23:17:46,166 [INFO] PluginManager:220 - loadIPPluginJar : add hash
2025-03-09 23:17:46,168 [INFO] IPUIPlugin:80 - create IPUIPlugin
2025-03-09 23:17:46,169 [INFO] PluginManager:220 - loadIPPluginJar : add i2c
2025-03-09 23:17:46,171 [INFO] IPUIPlugin:80 - create IPUIPlugin
2025-03-09 23:17:46,171 [INFO] PluginManager:220 - loadIPPluginJar : add i2s
2025-03-09 23:17:46,174 [INFO] IPUIPlugin:80 - create IPUIPlugin
2025-03-09 23:17:46,174 [INFO] PluginManager:220 - loadIPPluginJar : add i3c
2025-03-09 23:17:46,177 [INFO] IPUIPlugin:80 - create IPUIPlugin
2025-03-09 23:17:46,177 [INFO] PluginManager:220 - loadIPPluginJar : add ipddr
2025-03-09 23:17:46,182 [INFO] IPUIPlugin:80 - create IPUIPlugin
2025-03-09 23:17:46,182 [INFO] PluginManager:220 - loadIPPluginJar : add linkedlist
2025-03-09 23:17:46,185 [INFO] IPUIPlugin:80 - create IPUIPlugin
2025-03-09 23:17:46,185 [INFO] PluginManager:220 - loadIPPluginJar : add lorawan
2025-03-09 23:17:46,187 [INFO] IPUIPlugin:80 - create IPUIPlugin
2025-03-09 23:17:46,187 [INFO] PluginManager:220 - loadIPPluginJar : add ltdc
2025-03-09 23:17:46,191 [INFO] IPUIPlugin:80 - create IPUIPlugin
2025-03-09 23:17:46,192 [INFO] PluginManager:220 - loadIPPluginJar : add mdma
2025-03-09 23:17:46,195 [INFO] IPUIPlugin:80 - create IPUIPlugin
2025-03-09 23:17:46,195 [INFO] PluginManager:220 - loadIPPluginJar : add nvic
2025-03-09 23:17:46,198 [INFO] IPUIPlugin:80 - create IPUIPlugin
2025-03-09 23:17:46,198 [INFO] PluginManager:220 - loadIPPluginJar : add opamp
2025-03-09 23:17:46,200 [INFO] IPUIPlugin:80 - create IPUIPlugin
2025-03-09 23:17:46,201 [INFO] PluginManager:220 - loadIPPluginJar : add openamp
2025-03-09 23:17:46,203 [INFO] IPUIPlugin:80 - create IPUIPlugin
2025-03-09 23:17:46,203 [INFO] PluginManager:220 - loadIPPluginJar : add pdm2pcm
2025-03-09 23:17:46,208 [INFO] IPUIPlugin:80 - create IPUIPlugin
2025-03-09 23:17:46,210 [INFO] PluginManager:220 - loadIPPluginJar : add plateformsettings
2025-03-09 23:17:46,212 [INFO] IPUIPlugin:80 - create IPUIPlugin
2025-03-09 23:17:46,212 [INFO] PluginManager:220 - loadIPPluginJar : add quadspi
2025-03-09 23:17:46,213 [INFO] IPUIPlugin:80 - create IPUIPlugin
2025-03-09 23:17:46,214 [INFO] PluginManager:220 - loadIPPluginJar : add radio
2025-03-09 23:17:46,216 [INFO] IPUIPlugin:80 - create IPUIPlugin
2025-03-09 23:17:46,216 [INFO] PluginManager:220 - loadIPPluginJar : add resmgrutility
2025-03-09 23:17:46,219 [INFO] IPUIPlugin:80 - create IPUIPlugin
2025-03-09 23:17:46,219 [INFO] PluginManager:220 - loadIPPluginJar : add sai
2025-03-09 23:17:46,221 [INFO] IPUIPlugin:80 - create IPUIPlugin
2025-03-09 23:17:46,221 [INFO] PluginManager:220 - loadIPPluginJar : add spi
2025-03-09 23:17:46,225 [INFO] IPUIPlugin:80 - create IPUIPlugin
2025-03-09 23:17:46,225 [INFO] PluginManager:220 - loadIPPluginJar : add stm32_wpan
2025-03-09 23:17:46,227 [INFO] IPUIPlugin:80 - create IPUIPlugin
2025-03-09 23:17:46,227 [INFO] PluginManager:220 - loadIPPluginJar : add tim
2025-03-09 23:17:46,229 [INFO] IPUIPlugin:80 - create IPUIPlugin
2025-03-09 23:17:46,229 [INFO] PluginManager:220 - loadIPPluginJar : add touchsensing
2025-03-09 23:17:46,231 [INFO] IPUIPlugin:80 - create IPUIPlugin
2025-03-09 23:17:46,231 [INFO] PluginManager:220 - loadIPPluginJar : add tracer_emb
2025-03-09 23:17:46,233 [INFO] IPUIPlugin:80 - create IPUIPlugin
2025-03-09 23:17:46,233 [INFO] PluginManager:220 - loadIPPluginJar : add ts
2025-03-09 23:17:46,235 [INFO] IPUIPlugin:80 - create IPUIPlugin
2025-03-09 23:17:46,235 [INFO] PluginManager:220 - loadIPPluginJar : add tsc
2025-03-09 23:17:46,237 [INFO] IPUIPlugin:80 - create IPUIPlugin
2025-03-09 23:17:46,237 [INFO] PluginManager:220 - loadIPPluginJar : add ucpd
2025-03-09 23:17:46,240 [INFO] IPUIPlugin:80 - create IPUIPlugin
2025-03-09 23:17:46,240 [INFO] PluginManager:220 - loadIPPluginJar : add usart
2025-03-09 23:17:46,242 [INFO] IPUIPlugin:80 - create IPUIPlugin
2025-03-09 23:17:46,242 [INFO] PluginManager:220 - loadIPPluginJar : add usbx
2025-03-09 23:17:46,373 [FATAL] Updater:351 - Updater called before beeing initialized
2025-03-09 23:17:46,396 [INFO] RulesReader:64 - Compatibility file has been processed (297 Rules)
2025-03-09 23:17:46,411 [INFO] RulesReader:64 - Compatibility file has been processed (297 Rules)
2025-03-09 23:17:46,423 [INFO] CADModel:165 - CPN selected for project level
2025-03-09 23:17:46,423 [INFO] CADModel:114 - Register for checkConnection events
2025-03-09 23:17:46,423 [FATAL] Updater:351 - Updater called before beeing initialized
2025-03-09 23:17:46,423 [ERROR] CADModel:125 - Updater not yet initialized, retry later 
2025-03-09 23:17:46,609 [FATAL] Updater:351 - Updater called before beeing initialized
2025-03-09 23:17:46,612 [INFO] CADModel:165 - CPN selected for project level
2025-03-09 23:17:46,612 [INFO] CADModel:114 - Register for checkConnection events
2025-03-09 23:17:46,612 [FATAL] Updater:351 - Updater called before beeing initialized
2025-03-09 23:17:46,612 [ERROR] CADModel:125 - Updater not yet initialized, retry later 
2025-03-09 23:17:46,615 [FATAL] Updater:351 - Updater called before beeing initialized
2025-03-09 23:17:46,754 [FATAL] Updater:351 - Updater called before beeing initialized
2025-03-09 23:17:46,758 [INFO] DbMcusAds:53 - JSON generation date=Tue Dec 17 19:01:15 EAT 2024 (1734451275143)
2025-03-09 23:17:46,758 [FATAL] Updater:351 - Updater called before beeing initialized
2025-03-09 23:17:46,795 [WARN] DetailPanel:346 - Failed to get advertising image, set to default
2025-03-09 23:17:47,059 [FATAL] Updater:351 - Updater called before beeing initialized
2025-03-09 23:17:47,061 [FATAL] Updater:351 - Updater called before beeing initialized
2025-03-09 23:17:47,061 [FATAL] Updater:351 - Updater called before beeing initialized
2025-03-09 23:17:47,061 [WARN] DetailPanel:346 - Failed to get advertising image, set to default
2025-03-09 23:17:47,062 [FATAL] Updater:351 - Updater called before beeing initialized
2025-03-09 23:17:47,118 [ERROR] Updater:1198 - MainUpdater not yet initialized. External WinMGr cannot be set.
2025-03-09 23:17:47,119 [INFO] Updater:1134 - Updater Version found : 6.13.0
2025-03-09 23:17:47,133 [INFO] ApplicationProperties:184 - Using Application install path: C:\ST\STM32CubeIDE_1.17.0\STM32CubeIDE\plugins\com.st.stm32cube.common.mx_6.13.0.202411220809
2025-03-09 23:17:48,584 [INFO] ThirdPartyUpdaterWithRetryManager:70 - Updater plugin not ready yet. [2/15]
2025-03-09 23:17:48,704 [ERROR] LogOutputStream:75 - [STDERR_REDIRECT] Mar 09, 2025 11:17:48 PM java.util.prefs.WindowsPreferences <init>
2025-03-09 23:17:48,706 [ERROR] LogOutputStream:75 - [STDERR_REDIRECT] WARNING: Could not open/create prefs root node Software\JavaSoft\Prefs at root 0xffffffff80000002. Windows RegCreateKeyEx(...) returned error code 5.
2025-03-09 23:17:48,706 [ERROR] LogOutputStream:75 - [STDERR_REDIRECT] 
2025-03-09 23:17:49,203 [INFO] MainUpdater:2872 - connection check result : 10
2025-03-09 23:17:49,204 [INFO] MainUpdater:289 - Updater Check For Update Now.
2025-03-09 23:17:49,204 [INFO] MicroXplorer:498 - Change Database Version : DB.6.0.130
2025-03-09 23:17:49,217 [INFO] McuFinderGlobals:63 - Set McuFinder mode to 2 (CubeIDE integrated)
2025-03-09 23:17:49,218 [INFO] UserAuth:486 - Internet connection configuration mode: 1
2025-03-09 23:17:49,245 [INFO] JxBrowserEngine:152 - Initiate JxBrowser Engine with user profile folder
2025-03-09 23:17:49,415 [INFO] CheckServerUpdateThread:120 - End of CheckServer Thread
2025-03-09 23:17:49,932 [INFO] WebApp:168 - Instantiating new browser for Auth
2025-03-09 23:17:50,646 [INFO] WebApp:449 - Apply proxy settings
2025-03-09 23:17:50,646 [INFO] WebApp:534 - Chromium requires no authentication
2025-03-09 23:17:50,656 [INFO] WebApp:477 - Direct internet connection detected
2025-03-09 23:17:50,682 [INFO] WebApp:880 - Register for checkConnection events
2025-03-09 23:17:50,683 [INFO] WebApp:449 - Apply proxy settings
2025-03-09 23:17:50,683 [INFO] WebApp:534 - Chromium requires no authentication
2025-03-09 23:17:50,684 [INFO] WebApp:477 - Direct internet connection detected
2025-03-09 23:17:50,856 [INFO] WebApp:221 - Starting web application
2025-03-09 23:17:50,856 [INFO] WebApp:579 - Web application path used C:\ST\STM32CubeIDE_1.17.0\STM32CubeIDE\plugins\com.st.stm32cube.common.mx_6.13.0.202411220809\db\plugins\mcufinder\reactClient1\index.html
2025-03-09 23:17:50,933 [INFO] UserAuth:486 - Internet connection configuration mode: 1
2025-03-09 23:17:51,891 [WARN] PackLoader:240 - Cannot read IP mode file for STMicroelectronics.FP-SNS-MOTENVWB1.1.4.0
2025-03-09 23:17:51,902 [WARN] PackLoader:240 - Cannot read IP mode file for STMicroelectronics.FP-ATR-ASTRA1.2.0.2
2025-03-09 23:17:51,907 [WARN] PackLoader:240 - Cannot read IP mode file for STMicroelectronics.FP-ATR-ASTRA1.2.0.1
2025-03-09 23:17:51,919 [WARN] PackLoader:240 - Cannot read IP mode file for STMicroelectronics.X-CUBE-SMBUS.2.1.0
2025-03-09 23:17:51,933 [WARN] PackLoader:240 - Cannot read IP mode file for STMicroelectronics.X-CUBE-WB05N.1.1.0
2025-03-09 23:17:51,940 [WARN] PackLoader:240 - Cannot read IP mode file for STMicroelectronics.X-CUBE-TOUCHGFX.4.23.1
2025-03-09 23:17:51,944 [WARN] PackLoader:240 - Cannot read IP mode file for STMicroelectronics.X-CUBE-TOUCHGFX.4.23.0
2025-03-09 23:17:51,947 [WARN] PackLoader:240 - Cannot read IP mode file for STMicroelectronics.X-CUBE-TOUCHGFX.4.23.2
2025-03-09 23:17:51,985 [WARN] PackLoader:240 - Cannot read IP mode file for STMicroelectronics.X-CUBE-AZRTOS-F7.1.1.0
2025-03-09 23:17:52,011 [WARN] PackLoader:240 - Cannot read IP mode file for STMicroelectronics.FP-SNS-MOTENV1.4.3.2
2025-03-09 23:17:52,108 [WARN] PackLoader:240 - Cannot read IP mode file for STMicroelectronics.X-CUBE-MEMS1.11.0.0
2025-03-09 23:17:52,137 [INFO] WebApp:187 - Connection restablished
2025-03-09 23:17:52,300 [WARN] PackLoader:240 - Cannot read IP mode file for STMicroelectronics.FP-SNS-FLIGHT1.5.0.2
2025-03-09 23:17:52,308 [WARN] PackLoader:240 - Cannot read IP mode file for STMicroelectronics.X-CUBE-DISPLAY.3.0.0
2025-03-09 23:17:52,317 [WARN] PackLoader:240 - Cannot read IP mode file for STMicroelectronics.X-CUBE-BLE1.7.0.0
2025-03-09 23:17:52,326 [WARN] PackLoader:240 - Cannot read IP mode file for STMicroelectronics.X-CUBE-NFC10.1.0.0
2025-03-09 23:17:52,340 [WARN] PackLoader:240 - Cannot read IP mode file for STMicroelectronics.X-CUBE-BLEMGR.4.0.0
2025-03-09 23:17:52,349 [WARN] PackLoader:240 - Cannot read IP mode file for emotas.I-CUBE-CANOPEN.1.3.0
2025-03-09 23:17:52,353 [WARN] PackLoader:240 - Cannot read IP mode file for STMicroelectronics.X-CUBE-TOUCHGFX.4.22.1
2025-03-09 23:17:52,361 [WARN] PackLoader:240 - Cannot read IP mode file for STMicroelectronics.X-CUBE-BLEMGR.3.1.0
2025-03-09 23:17:52,368 [WARN] PackLoader:240 - Cannot read IP mode file for STMicroelectronics.X-CUBE-AI.10.0.0
2025-03-09 23:17:52,372 [WARN] PackLoader:240 - Cannot read IP mode file for STMicroelectronics.FP-SNS-SMARTAG2.1.2.0
2025-03-09 23:17:52,427 [WARN] PackLoader:240 - Cannot read IP mode file for STMicroelectronics.X-CUBE-MEMS1.11.1.0
2025-03-09 23:17:52,604 [INFO] LogOutputStream:77 - [STDOUT_REDIRECT] 1 : Invalid condition id : UX_CORESTACK_Condition cause : null
2025-03-09 23:17:52,605 [INFO] LogOutputStream:77 - [STDOUT_REDIRECT] 1 : Invalid condition id : UX_CORESTACK_Condition cause : null
2025-03-09 23:17:52,607 [INFO] LogOutputStream:77 - [STDOUT_REDIRECT] 1 : Invalid condition id : UX_CORESTACK_Condition cause : null
2025-03-09 23:17:52,608 [INFO] LogOutputStream:77 - [STDOUT_REDIRECT] 1 : Invalid condition id : UX_CORESTACK_Condition cause : null
2025-03-09 23:17:52,610 [INFO] LogOutputStream:77 - [STDOUT_REDIRECT] 1 : Invalid condition id : UX_CORESTACK_Condition cause : null
2025-03-09 23:17:52,612 [WARN] PackLoader:240 - Cannot read IP mode file for STMicroelectronics.X-CUBE-AZRTOS-WL.2.0.0
2025-03-09 23:17:52,616 [WARN] PackLoader:240 - Cannot read IP mode file for STMicroelectronics.FP-SNS-MOTENV1.5.0.0
2025-03-09 23:17:52,623 [WARN] PackLoader:240 - Cannot read IP mode file for wolfSSL.I-CUBE-wolfMQTT.1.19.0
2025-03-09 23:17:52,629 [WARN] PackLoader:240 - Cannot read IP mode file for WES.I-CUBE-Cesium.1.3.0
2025-03-09 23:17:52,634 [WARN] PackLoader:240 - Cannot read IP mode file for STMicroelectronics.X-CUBE-BLE2.3.3.0
2025-03-09 23:17:52,643 [WARN] PackLoader:240 - Cannot read IP mode file for STMicroelectronics.X-CUBE-NFC9.1.0.0
2025-03-09 23:17:52,650 [WARN] PackLoader:240 - Cannot read IP mode file for STMicroelectronics.X-CUBE-BLE1.7.1.0
2025-03-09 23:17:52,657 [WARN] PackLoader:240 - Cannot read IP mode file for STMicroelectronics.X-CUBE-TCPP.4.1.0
2025-03-09 23:17:52,667 [WARN] PackLoader:240 - Cannot read IP mode file for STMicroelectronics.X-CUBE-ALGOBUILD.1.3.0
2025-03-09 23:17:52,689 [WARN] PackLoader:240 - Cannot read IP mode file for STMicroelectronics.X-CUBE-AZRTOS-G0.1.1.0
2025-03-09 23:17:52,700 [WARN] PackLoader:240 - Cannot read IP mode file for STMicroelectronics.X-CUBE-SAFEA1.1.2.2
2025-03-09 23:17:52,706 [WARN] PackLoader:240 - Cannot read IP mode file for STMicroelectronics.X-CUBE-NFC4.3.0.0
2025-03-09 23:17:52,716 [WARN] PackLoader:240 - Cannot read IP mode file for EmbeddedOffice.I-CUBE-FS-RTOS.1.0.1
2025-03-09 23:17:52,723 [WARN] PackLoader:240 - Cannot read IP mode file for STMicroelectronics.X-CUBE-BLEMGR.3.0.0
2025-03-09 23:17:52,732 [WARN] PackLoader:240 - Cannot read IP mode file for STMicroelectronics.X-CUBE-TCPP.4.2.0
2025-03-09 23:17:52,738 [WARN] PackLoader:240 - Cannot read IP mode file for RealThread.X-CUBE-RT-Thread_Nano.4.1.1
2025-03-09 23:17:52,744 [WARN] PackLoader:240 - Cannot read IP mode file for wolfSSL.I-CUBE-wolfSSL.5.7.0
2025-03-09 23:17:52,748 [WARN] PackLoader:240 - Cannot read IP mode file for STMicroelectronics.FP-ATR-SIGFOX1.3.2.0
2025-03-09 23:17:52,752 [WARN] ConditionMgr:438 - getConditionDescription Invalid condition id : Cortex-A Device cause : null
2025-03-09 23:17:52,768 [WARN] ConditionMgr:1044 - genDependencies : Invalid condition id : Cortex-A Device cause : null
2025-03-09 23:17:52,768 [WARN] ConditionMgr:1044 - genDependencies : Invalid condition id : Cortex-A Device cause : null
2025-03-09 23:17:52,768 [WARN] ConditionMgr:1044 - genDependencies : Invalid condition id : Cortex-A Device cause : null
2025-03-09 23:17:52,778 [WARN] PackLoader:240 - Cannot read IP mode file for STMicroelectronics.X-CUBE-EEPRMA1.5.1.0
2025-03-09 23:17:52,790 [WARN] PackLoader:240 - Cannot read IP mode file for ITTIA_DB.I-CUBE-ITTIADB.8.9.0
2025-03-09 23:17:52,826 [WARN] PackLoader:240 - Cannot read IP mode file for SEGGER.I-CUBE-embOS.1.3.1
2025-03-09 23:17:52,876 [WARN] PackLoader:240 - Cannot read IP mode file for STMicroelectronics.X-CUBE-ALGOBUILD.1.4.0
2025-03-09 23:17:52,885 [WARN] PackLoader:240 - Cannot read IP mode file for STMicroelectronics.X-CUBE-GNSS1.6.0.0
2025-03-09 23:17:52,910 [WARN] PackLoader:240 - Cannot read IP mode file for STMicroelectronics.X-CUBE-AZRTOS-F4.1.1.0
2025-03-09 23:17:52,918 [WARN] PackLoader:240 - Cannot read IP mode file for wolfSSL.I-CUBE-wolfSSL.5.6.3
2025-03-09 23:17:52,923 [WARN] PackLoader:240 - Cannot read IP mode file for STMicroelectronics.X-CUBE-ISPU.2.1.0
2025-03-09 23:17:52,931 [WARN] PackLoader:240 - Cannot read IP mode file for STMicroelectronics.X-CUBE-FREERTOS.1.2.0
2025-03-09 23:17:52,951 [WARN] PackLoader:240 - Cannot read IP mode file for STMicroelectronics.X-CUBE-AZRTOS-L5.2.0.0
2025-03-09 23:17:52,960 [WARN] PackLoader:240 - Cannot read IP mode file for STMicroelectronics.X-CUBE-EEPRMA1.4.2.0
2025-03-09 23:17:52,970 [WARN] PackLoader:240 - Cannot read IP mode file for STMicroelectronics.X-CUBE-NFC6.3.1.0
2025-03-09 23:17:52,976 [WARN] PackLoader:240 - Cannot read IP mode file for ITTIA_DB.I-CUBE-ITTIADB.8.8.0
2025-03-09 23:17:52,984 [WARN] PackLoader:240 - Cannot read IP mode file for STMicroelectronics.X-CUBE-DPower.1.2.0
2025-03-09 23:17:52,989 [WARN] PackLoader:240 - Cannot read IP mode file for STMicroelectronics.X-CUBE-AI.9.0.0
2025-03-09 23:17:53,011 [WARN] ConditionMgr:438 - getConditionDescription Invalid condition id : UX DEVICE CLASS RTOS Condition cause : null
2025-03-09 23:17:53,012 [WARN] ConditionMgr:438 - getConditionDescription Invalid condition id : UX DEVICE CLASS RTOS Condition cause : null
2025-03-09 23:17:53,016 [WARN] PackLoader:240 - Cannot read IP mode file for STMicroelectronics.X-CUBE-AZRTOS-H7.3.1.0
2025-03-09 23:17:53,017 [WARN] ConditionMgr:1044 - genDependencies : Invalid condition id : UX DEVICE CLASS RTOS Condition cause : null
2025-03-09 23:17:53,018 [WARN] ConditionMgr:1044 - genDependencies : Invalid condition id : UX DEVICE CLASS RTOS Condition cause : null
2025-03-09 23:17:53,019 [WARN] ConditionMgr:1044 - genDependencies : Invalid condition id : UX DEVICE CLASS RTOS Condition cause : null
2025-03-09 23:17:53,020 [WARN] ConditionMgr:1044 - genDependencies : Invalid condition id : UX DEVICE CLASS RTOS Condition cause : null
2025-03-09 23:17:53,020 [WARN] ConditionMgr:1044 - genDependencies : Invalid condition id : UX DEVICE CLASS RTOS Condition cause : null
2025-03-09 23:17:53,026 [WARN] PackLoader:240 - Cannot read IP mode file for STMicroelectronics.X-CUBE-FREERTOS.1.3.0
2025-03-09 23:17:53,031 [WARN] PackLoader:240 - Cannot read IP mode file for STMicroelectronics.X-CUBE-NFC7.1.0.1
2025-03-09 23:17:53,039 [WARN] PackLoader:240 - Cannot read IP mode file for STMicroelectronics.X-CUBE-NFC6.3.0.0
2025-03-09 23:17:53,044 [WARN] PackLoader:240 - Cannot read IP mode file for STMicroelectronics.X-CUBE-AI.8.1.0
2025-03-09 23:17:53,063 [WARN] ConditionMgr:438 - getConditionDescription Invalid condition id : LAN8742 Phy interface Condition cause : null
2025-03-09 23:17:53,064 [WARN] PackLoader:240 - Cannot read IP mode file for STMicroelectronics.X-CUBE-AZRTOS-L4.2.0.0
2025-03-09 23:17:53,065 [WARN] ConditionMgr:1044 - genDependencies : Invalid condition id : LAN8742 Phy interface Condition cause : null
2025-03-09 23:17:53,066 [WARN] ConditionMgr:1044 - genDependencies : Invalid condition id : LAN8742 Phy interface Condition cause : null
2025-03-09 23:17:53,067 [WARN] ConditionMgr:1044 - genDependencies : Invalid condition id : LAN8742 Phy interface Condition cause : null
2025-03-09 23:17:53,077 [WARN] PackLoader:240 - Cannot read IP mode file for STMicroelectronics.X-CUBE-SFXS2LP1.4.0.0
2025-03-09 23:17:53,082 [WARN] PackLoader:240 - Cannot read IP mode file for STMicroelectronics.X-CUBE-ISPU.1.1.0
2025-03-09 23:17:53,103 [WARN] PackLoader:240 - Cannot read IP mode file for STMicroelectronics.X-CUBE-AZRTOS-H7.3.3.0
2025-03-09 23:17:53,119 [WARN] PackLoader:240 - Cannot read IP mode file for STMicroelectronics.X-CUBE-IPS.3.0.0
2025-03-09 23:17:53,140 [WARN] ConditionMgr:438 - getConditionDescription Invalid condition id : UX DEVICE CLASS RTOS Condition cause : null
2025-03-09 23:17:53,140 [WARN] ConditionMgr:438 - getConditionDescription Invalid condition id : UX DEVICE CLASS RTOS Condition cause : null
2025-03-09 23:17:53,141 [WARN] PackLoader:240 - Cannot read IP mode file for STMicroelectronics.X-CUBE-AZRTOS-WB.2.0.0
2025-03-09 23:17:53,141 [WARN] ConditionMgr:1044 - genDependencies : Invalid condition id : UX DEVICE CLASS RTOS Condition cause : null
2025-03-09 23:17:53,141 [WARN] ConditionMgr:1044 - genDependencies : Invalid condition id : UX DEVICE CLASS RTOS Condition cause : null
2025-03-09 23:17:53,142 [WARN] ConditionMgr:1044 - genDependencies : Invalid condition id : UX DEVICE CLASS RTOS Condition cause : null
2025-03-09 23:17:53,142 [WARN] ConditionMgr:1044 - genDependencies : Invalid condition id : UX DEVICE CLASS RTOS Condition cause : null
2025-03-09 23:17:53,142 [WARN] ConditionMgr:1044 - genDependencies : Invalid condition id : UX DEVICE CLASS RTOS Condition cause : null
2025-03-09 23:17:53,146 [WARN] PackLoader:240 - Cannot read IP mode file for STMicroelectronics.X-CUBE-GNSS1.7.0.0
2025-03-09 23:17:53,150 [WARN] PackLoader:240 - Cannot read IP mode file for STMicroelectronics.X-CUBE-GNSS1.7.0.1
2025-03-09 23:17:53,157 [WARN] PackLoader:240 - Cannot read IP mode file for STMicroelectronics.FP-SNS-STBOX1.2.0.0
2025-03-09 23:17:53,171 [WARN] PackLoader:240 - Cannot read IP mode file for STMicroelectronics.X-CUBE-SUBG2.5.0.0
2025-03-09 23:17:53,183 [WARN] PackLoader:240 - Cannot read IP mode file for Cesanta.I-CUBE-Mongoose.7.13.0
2025-03-09 23:17:53,196 [WARN] PackLoader:240 - Cannot read IP mode file for STMicroelectronics.X-CUBE-TOF1.3.3.1
2025-03-09 23:17:53,226 [WARN] PackLoader:240 - Cannot read IP mode file for STMicroelectronics.X-CUBE-AZRTOS-G4.2.0.0
2025-03-09 23:17:53,246 [WARN] PackLoader:240 - Cannot read IP mode file for Infineon.AIROC-Wi-Fi-Bluetooth-STM32.1.5.1
2025-03-09 23:17:53,255 [WARN] PackLoader:240 - Cannot read IP mode file for STMicroelectronics.FP-SNS-MOTENVWB1.1.3.0
2025-03-09 23:17:53,261 [WARN] PackLoader:240 - Cannot read IP mode file for STMicroelectronics.FP-SNS-MOTENVWB1.1.3.1
2025-03-09 23:17:53,269 [WARN] PackLoader:240 - Cannot read IP mode file for STMicroelectronics.X-CUBE-ISPU.2.0.0
2025-03-09 23:17:53,286 [WARN] PackLoader:240 - Cannot read IP mode file for STMicroelectronics.X-CUBE-IPS.3.1.0
2025-03-09 23:17:53,298 [WARN] PackLoader:240 - Cannot read IP mode file for STMicroelectronics.X-CUBE-ALS.1.0.2
2025-03-09 23:17:53,359 [WARN] PackLoader:240 - Cannot read IP mode file for STMicroelectronics.X-CUBE-MEMS1.10.0.0
2025-03-09 23:17:53,483 [WARN] PackLoader:240 - Cannot read IP mode file for STMicroelectronics.X-CUBE-FREERTOS.1.1.0
2025-03-09 23:17:53,497 [WARN] PackLoader:240 - Cannot read IP mode file for STMicroelectronics.X-CUBE-TOUCHGFX.4.24.0
2025-03-09 23:17:53,501 [WARN] PackLoader:240 - Cannot read IP mode file for STMicroelectronics.X-CUBE-TOUCHGFX.4.24.2
2025-03-09 23:17:53,508 [WARN] PackLoader:240 - Cannot read IP mode file for STMicroelectronics.X-CUBE-TOUCHGFX.4.24.1
2025-03-09 23:17:53,658 [WARN] PackLoader:240 - Cannot read IP mode file for wolfSSL.I-CUBE-wolfTPM.3.4.0
2025-03-09 23:17:53,666 [WARN] PackLoader:240 - Cannot read IP mode file for portGmbH.I-Cube-SoM-uGOAL.1.1.0
2025-03-09 23:17:53,671 [WARN] PackLoader:240 - Cannot read IP mode file for STMicroelectronics.X-CUBE-ALS.1.0.1
2025-03-09 23:17:53,697 [WARN] PackLoader:240 - Cannot read IP mode file for STMicroelectronics.X-CUBE-AZRTOS-H7RS.1.0.0
2025-03-09 23:17:53,705 [WARN] PackLoader:240 - Cannot read IP mode file for STMicroelectronics.FP-ATR-ASTRA1.2.0.0
2025-03-09 23:17:53,714 [WARN] PackLoader:240 - Cannot read IP mode file for STMicroelectronics.X-CUBE-TOF1.3.4.2
2025-03-09 23:17:53,728 [WARN] PackLoader:240 - Cannot read IP mode file for STMicroelectronics.X-CUBE-TOF1.3.4.0
2025-03-09 23:17:53,746 [WARN] PackLoader:240 - Cannot read IP mode file for STMicroelectronics.X-CUBE-TOF1.3.4.1
2025-03-09 23:17:53,773 [WARN] PackLoader:240 - Cannot read IP mode file for STMicroelectronics.X-CUBE-AZRTOS-H7.3.2.0
2025-03-09 23:17:53,784 [WARN] PackLoader:240 - Cannot read IP mode file for Infineon.AIROC-Wi-Fi-Bluetooth-STM32.1.6.0
2025-03-09 23:17:53,790 [WARN] PackLoader:240 - Cannot read IP mode file for wolfSSL.I-CUBE-wolfSSH.1.4.17
2025-03-09 23:17:53,791 [INFO] ThirdParty:978 - Integrity check success = true
2025-03-09 23:17:53,791 [INFO] IntegrityCheckThread:100 - exiting critical section [integrity check]
2025-03-09 23:17:53,791 [INFO] IntegrityCheckThread:103 - End integrity checks thread
